2024-11-21 18:39:12,945(HH:mm:ss.SSS) [main] INFO  api.tests.DataDrivenTests *** creating user ***
2024-11-21 18:39:14,097(HH:mm:ss.SSS) [main] INFO  api.tests.DataDrivenTests *** created user ***
2024-11-21 18:39:14,100(HH:mm:ss.SSS) [main] INFO  api.tests.DataDrivenTests *** creating user ***
2024-11-21 18:39:15,256(HH:mm:ss.SSS) [main] INFO  api.tests.DataDrivenTests *** created user ***
2024-11-21 18:39:15,261(HH:mm:ss.SSS) [main] INFO  api.tests.DataDrivenTests *** creating user ***
2024-11-21 18:39:16,357(HH:mm:ss.SSS) [main] INFO  api.tests.DataDrivenTests *** created user ***
2024-11-21 18:39:16,361(HH:mm:ss.SSS) [main] INFO  api.tests.DataDrivenTests *** creating user ***
2024-11-21 18:39:17,528(HH:mm:ss.SSS) [main] INFO  api.tests.DataDrivenTests *** created user ***
2024-11-21 18:39:17,546(HH:mm:ss.SSS) [main] DEBUG org.apache.poi.openxml4j.opc.PackageRelationshipCollection Parsing relationship: /xl/_rels/workbook.xml.rels
2024-11-21 18:39:17,549(HH:mm:ss.SSS) [main] DEBUG org.apache.poi.openxml4j.opc.PackageRelationshipCollection Parsing relationship: /xl/worksheets/_rels/sheet1.xml.rels
2024-11-21 18:39:17,551(HH:mm:ss.SSS) [main] DEBUG org.apache.poi.openxml4j.opc.PackageRelationshipCollection Parsing relationship: /_rels/.rels
2024-11-21 18:39:17,624(HH:mm:ss.SSS) [main] INFO  api.tests.DataDrivenTests *** getting user ***
2024-11-21 18:39:18,743(HH:mm:ss.SSS) [main] INFO  api.tests.DataDrivenTests *** got user ***
2024-11-21 18:39:18,746(HH:mm:ss.SSS) [main] INFO  api.tests.DataDrivenTests *** getting user ***
2024-11-21 18:39:19,912(HH:mm:ss.SSS) [main] INFO  api.tests.DataDrivenTests *** got user ***
2024-11-21 18:39:19,918(HH:mm:ss.SSS) [main] INFO  api.tests.DataDrivenTests *** getting user ***
2024-11-21 18:39:21,044(HH:mm:ss.SSS) [main] INFO  api.tests.DataDrivenTests *** got user ***
2024-11-21 18:39:21,047(HH:mm:ss.SSS) [main] INFO  api.tests.DataDrivenTests *** getting user ***
2024-11-21 18:39:22,208(HH:mm:ss.SSS) [main] INFO  api.tests.DataDrivenTests *** got user ***
2024-11-21 18:39:22,216(HH:mm:ss.SSS) [main] INFO  api.tests.DataDrivenTests *** getting user ***
2024-11-21 18:39:23,372(HH:mm:ss.SSS) [main] INFO  api.tests.DataDrivenTests *** got user ***
2024-11-21 18:39:23,387(HH:mm:ss.SSS) [main] DEBUG org.apache.poi.openxml4j.opc.PackageRelationshipCollection Parsing relationship: /xl/_rels/workbook.xml.rels
2024-11-21 18:39:23,389(HH:mm:ss.SSS) [main] DEBUG org.apache.poi.openxml4j.opc.PackageRelationshipCollection Parsing relationship: /xl/worksheets/_rels/sheet1.xml.rels
2024-11-21 18:39:23,392(HH:mm:ss.SSS) [main] DEBUG org.apache.poi.openxml4j.opc.PackageRelationshipCollection Parsing relationship: /_rels/.rels
2024-11-21 18:39:23,441(HH:mm:ss.SSS) [main] INFO  api.tests.DataDrivenTests *** deleting user ***
2024-11-21 18:39:24,557(HH:mm:ss.SSS) [main] INFO  api.tests.DataDrivenTests *** deleted user ***
2024-11-21 18:39:24,561(HH:mm:ss.SSS) [main] INFO  api.tests.DataDrivenTests *** deleting user ***
2024-11-21 18:39:25,710(HH:mm:ss.SSS) [main] INFO  api.tests.DataDrivenTests *** deleted user ***
2024-11-21 18:39:25,713(HH:mm:ss.SSS) [main] INFO  api.tests.DataDrivenTests *** deleting user ***
2024-11-21 18:39:26,873(HH:mm:ss.SSS) [main] INFO  api.tests.DataDrivenTests *** deleted user ***
2024-11-21 18:39:26,877(HH:mm:ss.SSS) [main] INFO  api.tests.DataDrivenTests *** deleting user ***
2024-11-21 18:39:27,997(HH:mm:ss.SSS) [main] INFO  api.tests.DataDrivenTests *** deleted user ***
2024-11-21 18:39:28,002(HH:mm:ss.SSS) [main] INFO  api.tests.DataDrivenTests *** deleting user ***
2024-11-21 18:39:29,153(HH:mm:ss.SSS) [main] INFO  api.tests.DataDrivenTests *** deleted user ***
2024-11-21 18:43:59,601(HH:mm:ss.SSS) [main] DEBUG org.apache.poi.openxml4j.opc.PackageRelationshipCollection Parsing relationship: /xl/_rels/workbook.xml.rels
2024-11-21 18:43:59,614(HH:mm:ss.SSS) [main] DEBUG org.apache.poi.openxml4j.opc.PackageRelationshipCollection Parsing relationship: /xl/worksheets/_rels/sheet1.xml.rels
2024-11-21 18:43:59,618(HH:mm:ss.SSS) [main] DEBUG org.apache.poi.openxml4j.opc.PackageRelationshipCollection Parsing relationship: /_rels/.rels
2024-11-21 18:44:00,530(HH:mm:ss.SSS) [main] INFO  api.tests.DataDrivenTests *** creating user ***
2024-11-21 18:44:04,882(HH:mm:ss.SSS) [main] INFO  api.tests.DataDrivenTests *** created user ***
2024-11-21 18:44:04,907(HH:mm:ss.SSS) [main] INFO  api.tests.DataDrivenTests *** creating user ***
2024-11-21 18:44:06,127(HH:mm:ss.SSS) [main] INFO  api.tests.DataDrivenTests *** created user ***
2024-11-21 18:44:06,131(HH:mm:ss.SSS) [main] INFO  api.tests.DataDrivenTests *** creating user ***
2024-11-21 18:44:07,510(HH:mm:ss.SSS) [main] INFO  api.tests.DataDrivenTests *** created user ***
2024-11-21 18:44:07,513(HH:mm:ss.SSS) [main] INFO  api.tests.DataDrivenTests *** creating user ***
2024-11-21 18:44:08,919(HH:mm:ss.SSS) [main] INFO  api.tests.DataDrivenTests *** created user ***
2024-11-21 18:44:08,925(HH:mm:ss.SSS) [main] INFO  api.tests.DataDrivenTests *** creating user ***
